# JRE version: Java(TM) SE Runtime Environment (17.0.7+8) (build 17.0.7+8-LTS-224)
# Java VM: Java HotSpot(TM) 64-Bit Server VM (17.0.7+8-LTS-224, mixed mode, sharing, tiered, compressed oops, compressed class ptrs, g1 gc, windows-amd64)
GC Precious Log:
 CPUs: 16 total, 16 available
 Memory: 15681M
 Large Page Support: Disabled
 NUMA Support: Disabled
 Compressed Oops: Enabled (Zero based)
 Heap Region Size: 2M
 Heap Min Capacity: 8M
 Heap Initial Capacity: 246M
 Heap Max Capacity: 3922M
 Pre-touch: Disabled
 Parallel Workers: 13
 Concurrent Workers: 3
 Concurrent Refinement Workers: 13
 Periodic GC: Disabled
Heap:
 garbage-first heap   total 264192K, used 87430K [0x000000070ae00000, 0x0000000800000000)
  region size 2048K, 7 young (14336K), 7 survivors (14336K)
 Metaspace       used 54455K, committed 54976K, reserved 1097728K
  class space    used 7171K, committed 7424K, reserved 1048576K
GC Heap History (20 events):
Event: 4.780 GC heap after
{Heap after GC invocations=18 (full 0):
 garbage-first heap   total 106496K, used 44979K [0x000000070ae00000, 0x0000000800000000)
  region size 2048K, 3 young (6144K), 3 survivors (6144K)
 Metaspace       used 54455K, committed 54976K, reserved 1097728K
  class space    used 7171K, committed 7424K, reserved 1048576K
}
Event: 4.824 GC heap before
{Heap before GC invocations=18 (full 0):
 garbage-first heap   total 106496K, used 79795K [0x000000070ae00000, 0x0000000800000000)
  region size 2048K, 20 young (40960K), 3 survivors (6144K)
 Metaspace       used 54455K, committed 54976K, reserved 1097728K
  class space    used 7171K, committed 7424K, reserved 1048576K
}
Event: 4.827 GC heap after
{Heap after GC invocations=19 (full 0):
 garbage-first heap   total 106496K, used 46261K [0x000000070ae00000, 0x0000000800000000)
  region size 2048K, 3 young (6144K), 3 survivors (6144K)
 Metaspace       used 54455K, committed 54976K, reserved 1097728K
  class space    used 7171K, committed 7424K, reserved 1048576K
}
Event: 4.879 GC heap before
{Heap before GC invocations=19 (full 0):
 garbage-first heap   total 106496K, used 83125K [0x000000070ae00000, 0x0000000800000000)
  region size 2048K, 21 young (43008K), 3 survivors (6144K)
 Metaspace       used 54455K, committed 54976K, reserved 1097728K
  class space    used 7171K, committed 7424K, reserved 1048576K
}
Event: 4.882 GC heap after
{Heap after GC invocations=20 (full 0):
 garbage-first heap   total 176128K, used 47968K [0x000000070ae00000, 0x0000000800000000)
  region size 2048K, 3 young (6144K), 3 survivors (6144K)
 Metaspace       used 54455K, committed 54976K, reserved 1097728K
  class space    used 7171K, committed 7424K, reserved 1048576K
}
Event: 5.130 GC heap before
{Heap before GC invocations=20 (full 0):
 garbage-first heap   total 176128K, used 133984K [0x000000070ae00000, 0x0000000800000000)
  region size 2048K, 45 young (92160K), 3 survivors (6144K)
 Metaspace       used 54455K, committed 54976K, reserved 1097728K
  class space    used 7171K, committed 7424K, reserved 1048576K
}
Event: 5.138 GC heap after
{Heap after GC invocations=21 (full 0):
 garbage-first heap   total 176128K, used 51292K [0x000000070ae00000, 0x0000000800000000)
  region size 2048K, 4 young (8192K), 4 survivors (8192K)
 Metaspace       used 54455K, committed 54976K, reserved 1097728K
  class space    used 7171K, committed 7424K, reserved 1048576K
}
Event: 5.282 GC heap before
{Heap before GC invocations=21 (full 0):
 garbage-first heap   total 176128K, used 139356K [0x000000070ae00000, 0x0000000800000000)
  region size 2048K, 47 young (96256K), 4 survivors (8192K)
 Metaspace       used 54455K, committed 54976K, reserved 1097728K
  class space    used 7171K, committed 7424K, reserved 1048576K
}
Event: 5.286 GC heap after
{Heap after GC invocations=22 (full 0):
 garbage-first heap   total 176128K, used 55308K [0x000000070ae00000, 0x0000000800000000)
  region size 2048K, 5 young (10240K), 5 survivors (10240K)
 Metaspace       used 54455K, committed 54976K, reserved 1097728K
  class space    used 7171K, committed 7424K, reserved 1048576K
}
Event: 5.342 GC heap before
{Heap before GC invocations=22 (full 0):
 garbage-first heap   total 176128K, used 139276K [0x000000070ae00000, 0x0000000800000000)
  region size 2048K, 46 young (94208K), 5 survivors (10240K)
 Metaspace       used 54455K, committed 54976K, reserved 1097728K
  class space    used 7171K, committed 7424K, reserved 1048576K
}
Event: 5.347 GC heap after
{Heap after GC invocations=23 (full 0):
 garbage-first heap   total 176128K, used 58629K [0x000000070ae00000, 0x0000000800000000)
  region size 2048K, 4 young (8192K), 4 survivors (8192K)
 Metaspace       used 54455K, committed 54976K, reserved 1097728K
  class space    used 7171K, committed 7424K, reserved 1048576K
}
Event: 5.405 GC heap before
{Heap before GC invocations=23 (full 0):
 garbage-first heap   total 176128K, used 142597K [0x000000070ae00000, 0x0000000800000000)
  region size 2048K, 45 young (92160K), 4 survivors (8192K)
 Metaspace       used 54455K, committed 54976K, reserved 1097728K
  class space    used 7171K, committed 7424K, reserved 1048576K
}
Event: 5.409 GC heap after
{Heap after GC invocations=24 (full 0):
 garbage-first heap   total 264192K, used 62464K [0x000000070ae00000, 0x0000000800000000)
  region size 2048K, 4 young (8192K), 4 survivors (8192K)
 Metaspace       used 54455K, committed 54976K, reserved 1097728K
  class space    used 7171K, committed 7424K, reserved 1048576K
}
Event: 5.551 GC heap before
{Heap before GC invocations=24 (full 0):
 garbage-first heap   total 264192K, used 211968K [0x000000070ae00000, 0x0000000800000000)
  region size 2048K, 77 young (157696K), 4 survivors (8192K)
 Metaspace       used 54455K, committed 54976K, reserved 1097728K
  class space    used 7171K, committed 7424K, reserved 1048576K
}
Event: 5.557 GC heap after
{Heap after GC invocations=25 (full 0):
 garbage-first heap   total 264192K, used 68769K [0x000000070ae00000, 0x0000000800000000)
  region size 2048K, 7 young (14336K), 7 survivors (14336K)
 Metaspace       used 54455K, committed 54976K, reserved 1097728K
  class space    used 7171K, committed 7424K, reserved 1048576K
}
Event: 5.628 GC heap before
{Heap before GC invocations=25 (full 0):
 garbage-first heap   total 264192K, used 212129K [0x000000070ae00000, 0x0000000800000000)
  region size 2048K, 77 young (157696K), 7 survivors (14336K)
 Metaspace       used 54455K, committed 54976K, reserved 1097728K
  class space    used 7171K, committed 7424K, reserved 1048576K
}
Event: 5.635 GC heap after
{Heap after GC invocations=26 (full 0):
 garbage-first heap   total 264192K, used 75096K [0x000000070ae00000, 0x0000000800000000)
  region size 2048K, 9 young (18432K), 9 survivors (18432K)
 Metaspace       used 54455K, committed 54976K, reserved 1097728K
  class space    used 7171K, committed 7424K, reserved 1048576K
}
Event: 5.702 GC heap before
{Heap before GC invocations=26 (full 0):
 garbage-first heap   total 264192K, used 214360K [0x000000070ae00000, 0x0000000800000000)
  region size 2048K, 77 young (157696K), 9 survivors (18432K)
 Metaspace       used 54455K, committed 54976K, reserved 1097728K
  class space    used 7171K, committed 7424K, reserved 1048576K
}
Event: 5.710 GC heap after
{Heap after GC invocations=27 (full 0):
 garbage-first heap   total 264192K, used 81661K [0x000000070ae00000, 0x0000000800000000)
  region size 2048K, 7 young (14336K), 7 survivors (14336K)
 Metaspace       used 54455K, committed 54976K, reserved 1097728K
  class space    used 7171K, committed 7424K, reserved 1048576K
}
Event: 5.793 GC heap before
{Heap before GC invocations=27 (full 0):
 garbage-first heap   total 264192K, used 216829K [0x000000070ae00000, 0x0000000800000000)
  region size 2048K, 73 young (149504K), 7 survivors (14336K)
 Metaspace       used 54455K, committed 54976K, reserved 1097728K
  class space    used 7171K, committed 7424K, reserved 1048576K
}

